adhelper/build/intermediates/manifest_merge_blame_file/debug/manifest-merger-blame-debug-report.txt
1<?xml version="1.0" encoding="utf-8"?>
2<manifest xmlns:android="http://schemas.android.com/apk/res/android"
3    package="mediation.helper" >
4
5    <uses-sdk
6        android:minSdkVersion="19"
6-->src/main/AndroidManifest.xml
7        android:targetSdkVersion="30" />
7-->src/main/AndroidManifest.xml
8
9    <uses-permission android:name="android.permission.INTERNET" />
9-->src/main/AndroidManifest.xml:4:5-67
9-->src/main/AndroidManifest.xml:4:22-64
10
11    <application>
11-->src/main/AndroidManifest.xml:6:5-33:19
12        <activity android:name="mediation.helper.backpress.MediationBackPressDialog" />
12-->src/main/AndroidManifest.xml:7:9-8:82
12-->src/main/AndroidManifest.xml:8:13-79
13
14        <!-- for ads -->
15
16        <activity
16-->src/main/AndroidManifest.xml:12:9-15:50
17            android:name="com.facebook.ads.AudienceNetworkActivity"
17-->src/main/AndroidManifest.xml:13:13-68
18            android:configChanges="keyboardHidden|orientation|screenSize"
18-->src/main/AndroidManifest.xml:14:13-74
19            android:hardwareAccelerated="true" />
19-->src/main/AndroidManifest.xml:15:13-47
20
21        <meta-data
21-->src/main/AndroidManifest.xml:17:9-19:36
22            android:name="com.google.android.gms.ads.AD_MANAGER_APP"
22-->src/main/AndroidManifest.xml:18:13-69
23            android:value="true" />
23-->src/main/AndroidManifest.xml:19:13-33
24        <meta-data
24-->src/main/AndroidManifest.xml:22:9-24:69
25            android:name="com.google.android.gms.version"
25-->src/main/AndroidManifest.xml:23:13-58
26            android:value="@integer/google_play_services_version" />
26-->src/main/AndroidManifest.xml:24:13-66
27
28        <activity
28-->src/main/AndroidManifest.xml:26:9-30:41
29            android:name="com.google.android.gms.ads.AdActivity"
29-->src/main/AndroidManifest.xml:27:13-65
30            android:configChanges="keyboard|keyboardHidden|orientation|screenLayout|uiMode|screenSize|smallestScreenSize"
30-->src/main/AndroidManifest.xml:28:13-122
31            android:multiprocess="true"
31-->src/main/AndroidManifest.xml:29:13-40
32            android:process=":remote" />
32-->src/main/AndroidManifest.xml:30:13-38
33        <activity
33-->src/main/AndroidManifest.xml:31:9-32:53
34            android:name="mediation.helper.interstitial.CubiInterstitialAdActivity"
34-->src/main/AndroidManifest.xml:31:19-74
35            android:theme="@style/FullscreenTheme" />
35-->src/main/AndroidManifest.xml:32:13-51
36    </application>
37
38</manifest>